2018-10-24 22:50:01 [scrapy.utils.log] INFO: Scrapy 1.5.1 started (bot: mySpider)
2018-10-24 22:50:01 [scrapy.utils.log] INFO: Versions: lxml 4.2.5.0, libxml2 2.9.8, cssselect 1.0.3, parsel 1.5.0, w3lib 1.19.0, Twisted 18.9.0, Python 3.6.7rc1 (default, Sep 27 2018, 09:51:25) - [GCC 8.2.0], pyOpenSSL 18.0.0 (OpenSSL 1.1.1  11 Sep 2018), cryptography 2.3, Platform Linux-4.18.0-10-generic-x86_64-with-Ubuntu-18.10-cosmic
2018-10-24 22:50:01 [scrapy.crawler] INFO: Overridden settings: {'BOT_NAME': 'mySpider', 'LOG_FILE': 'myspider.log', 'LOG_LEVEL': 'INFO', 'NEWSPIDER_MODULE': 'mySpider.spiders', 'ROBOTSTXT_OBEY': True, 'SPIDER_MODULES': ['mySpider.spiders']}
2018-10-24 22:50:01 [scrapy.middleware] INFO: Enabled extensions:
['scrapy.extensions.corestats.CoreStats',
 'scrapy.extensions.telnet.TelnetConsole',
 'scrapy.extensions.memusage.MemoryUsage',
 'scrapy.extensions.logstats.LogStats']
2018-10-24 22:50:01 [scrapy.middleware] INFO: Enabled downloader middlewares:
['scrapy.downloadermiddlewares.robotstxt.RobotsTxtMiddleware',
 'mySpider.middlewares.RandomUserAgentMiddlewere',
 'mySpider.middlewares.RandomProxy',
 'scrapy.downloadermiddlewares.httpauth.HttpAuthMiddleware',
 'scrapy.downloadermiddlewares.downloadtimeout.DownloadTimeoutMiddleware',
 'scrapy.downloadermiddlewares.defaultheaders.DefaultHeadersMiddleware',
 'scrapy.downloadermiddlewares.useragent.UserAgentMiddleware',
 'scrapy.downloadermiddlewares.retry.RetryMiddleware',
 'scrapy.downloadermiddlewares.redirect.MetaRefreshMiddleware',
 'scrapy.downloadermiddlewares.httpcompression.HttpCompressionMiddleware',
 'scrapy.downloadermiddlewares.redirect.RedirectMiddleware',
 'scrapy.downloadermiddlewares.cookies.CookiesMiddleware',
 'scrapy.downloadermiddlewares.httpproxy.HttpProxyMiddleware',
 'scrapy.downloadermiddlewares.stats.DownloaderStats']
2018-10-24 22:50:01 [scrapy.middleware] INFO: Enabled spider middlewares:
['scrapy.spidermiddlewares.httperror.HttpErrorMiddleware',
 'scrapy.spidermiddlewares.offsite.OffsiteMiddleware',
 'scrapy.spidermiddlewares.referer.RefererMiddleware',
 'scrapy.spidermiddlewares.urllength.UrlLengthMiddleware',
 'scrapy.spidermiddlewares.depth.DepthMiddleware']
2018-10-24 22:50:01 [scrapy.middleware] INFO: Enabled item pipelines:
['mySpider.pipelines.DoubanspiderItem']
2018-10-24 22:50:01 [scrapy.core.engine] INFO: Spider opened
2018-10-24 22:50:01 [scrapy.extensions.logstats] INFO: Crawled 0 pages (at 0 pages/min), scraped 0 items (at 0 items/min)
2018-10-24 22:51:00 [scrapy.crawler] INFO: Received SIGINT, shutting down gracefully. Send again to force 
2018-10-24 22:51:00 [scrapy.core.engine] INFO: Closing spider (shutdown)
2018-10-24 22:51:01 [scrapy.crawler] INFO: Received SIGINT twice, forcing unclean shutdown
2018-10-24 22:51:03 [scrapy.utils.log] INFO: Scrapy 1.5.1 started (bot: mySpider)
2018-10-24 22:51:03 [scrapy.utils.log] INFO: Versions: lxml 4.2.5.0, libxml2 2.9.8, cssselect 1.0.3, parsel 1.5.0, w3lib 1.19.0, Twisted 18.9.0, Python 3.6.7rc1 (default, Sep 27 2018, 09:51:25) - [GCC 8.2.0], pyOpenSSL 18.0.0 (OpenSSL 1.1.1  11 Sep 2018), cryptography 2.3, Platform Linux-4.18.0-10-generic-x86_64-with-Ubuntu-18.10-cosmic
2018-10-24 22:51:03 [scrapy.crawler] INFO: Overridden settings: {'BOT_NAME': 'mySpider', 'LOG_FILE': 'myspider.log', 'LOG_LEVEL': 'INFO', 'NEWSPIDER_MODULE': 'mySpider.spiders', 'SPIDER_MODULES': ['mySpider.spiders']}
2018-10-24 22:51:03 [scrapy.middleware] INFO: Enabled extensions:
['scrapy.extensions.corestats.CoreStats',
 'scrapy.extensions.telnet.TelnetConsole',
 'scrapy.extensions.memusage.MemoryUsage',
 'scrapy.extensions.logstats.LogStats']
2018-10-24 22:51:03 [scrapy.middleware] INFO: Enabled downloader middlewares:
['mySpider.middlewares.RandomUserAgentMiddlewere',
 'mySpider.middlewares.RandomProxy',
 'scrapy.downloadermiddlewares.httpauth.HttpAuthMiddleware',
 'scrapy.downloadermiddlewares.downloadtimeout.DownloadTimeoutMiddleware',
 'scrapy.downloadermiddlewares.defaultheaders.DefaultHeadersMiddleware',
 'scrapy.downloadermiddlewares.useragent.UserAgentMiddleware',
 'scrapy.downloadermiddlewares.retry.RetryMiddleware',
 'scrapy.downloadermiddlewares.redirect.MetaRefreshMiddleware',
 'scrapy.downloadermiddlewares.httpcompression.HttpCompressionMiddleware',
 'scrapy.downloadermiddlewares.redirect.RedirectMiddleware',
 'scrapy.downloadermiddlewares.cookies.CookiesMiddleware',
 'scrapy.downloadermiddlewares.httpproxy.HttpProxyMiddleware',
 'scrapy.downloadermiddlewares.stats.DownloaderStats']
2018-10-24 22:51:03 [scrapy.middleware] INFO: Enabled spider middlewares:
['scrapy.spidermiddlewares.httperror.HttpErrorMiddleware',
 'scrapy.spidermiddlewares.offsite.OffsiteMiddleware',
 'scrapy.spidermiddlewares.referer.RefererMiddleware',
 'scrapy.spidermiddlewares.urllength.UrlLengthMiddleware',
 'scrapy.spidermiddlewares.depth.DepthMiddleware']
2018-10-24 22:51:03 [scrapy.middleware] INFO: Enabled item pipelines:
['mySpider.pipelines.DoubanspiderItem']
2018-10-24 22:51:03 [scrapy.core.engine] INFO: Spider opened
2018-10-24 22:51:03 [scrapy.extensions.logstats] INFO: Crawled 0 pages (at 0 pages/min), scraped 0 items (at 0 items/min)
2018-10-24 22:51:32 [scrapy.crawler] INFO: Received SIGINT, shutting down gracefully. Send again to force 
2018-10-24 22:51:32 [scrapy.core.engine] INFO: Closing spider (shutdown)
2018-10-24 22:51:45 [scrapy.statscollectors] INFO: Dumping Scrapy stats:
{'downloader/exception_count': 2,
 'downloader/exception_type_count/twisted.web._newclient.ResponseNeverReceived': 2,
 'downloader/request_bytes': 453,
 'downloader/request_count': 3,
 'downloader/request_method_count/GET': 3,
 'downloader/response_bytes': 12926,
 'downloader/response_count': 1,
 'downloader/response_status_count/200': 1,
 'finish_reason': 'shutdown',
 'finish_time': datetime.datetime(2018, 10, 24, 14, 51, 45, 432003),
 'item_scraped_count': 25,
 'log_count/INFO': 8,
 'memusage/max': 53190656,
 'memusage/startup': 53190656,
 'request_depth_max': 1,
 'response_received_count': 1,
 'retry/count': 2,
 'retry/reason_count/twisted.web._newclient.ResponseNeverReceived': 2,
 'scheduler/dequeued': 3,
 'scheduler/dequeued/memory': 3,
 'scheduler/enqueued': 4,
 'scheduler/enqueued/memory': 4,
 'start_time': datetime.datetime(2018, 10, 24, 14, 51, 3, 541588)}
2018-10-24 22:51:45 [scrapy.core.engine] INFO: Spider closed (shutdown)
2018-10-24 22:51:48 [scrapy.utils.log] INFO: Scrapy 1.5.1 started (bot: mySpider)
2018-10-24 22:51:48 [scrapy.utils.log] INFO: Versions: lxml 4.2.5.0, libxml2 2.9.8, cssselect 1.0.3, parsel 1.5.0, w3lib 1.19.0, Twisted 18.9.0, Python 3.6.7rc1 (default, Sep 27 2018, 09:51:25) - [GCC 8.2.0], pyOpenSSL 18.0.0 (OpenSSL 1.1.1  11 Sep 2018), cryptography 2.3, Platform Linux-4.18.0-10-generic-x86_64-with-Ubuntu-18.10-cosmic
2018-10-24 22:51:48 [scrapy.crawler] INFO: Overridden settings: {'BOT_NAME': 'mySpider', 'LOG_FILE': 'myspider.log', 'LOG_LEVEL': 'INFO', 'NEWSPIDER_MODULE': 'mySpider.spiders', 'SPIDER_MODULES': ['mySpider.spiders']}
2018-10-24 22:51:48 [scrapy.middleware] INFO: Enabled extensions:
['scrapy.extensions.corestats.CoreStats',
 'scrapy.extensions.telnet.TelnetConsole',
 'scrapy.extensions.memusage.MemoryUsage',
 'scrapy.extensions.logstats.LogStats']
2018-10-24 22:51:48 [scrapy.middleware] INFO: Enabled downloader middlewares:
['mySpider.middlewares.RandomUserAgentMiddlewere',
 'mySpider.middlewares.RandomProxy',
 'scrapy.downloadermiddlewares.httpauth.HttpAuthMiddleware',
 'scrapy.downloadermiddlewares.downloadtimeout.DownloadTimeoutMiddleware',
 'scrapy.downloadermiddlewares.defaultheaders.DefaultHeadersMiddleware',
 'scrapy.downloadermiddlewares.useragent.UserAgentMiddleware',
 'scrapy.downloadermiddlewares.retry.RetryMiddleware',
 'scrapy.downloadermiddlewares.redirect.MetaRefreshMiddleware',
 'scrapy.downloadermiddlewares.httpcompression.HttpCompressionMiddleware',
 'scrapy.downloadermiddlewares.redirect.RedirectMiddleware',
 'scrapy.downloadermiddlewares.cookies.CookiesMiddleware',
 'scrapy.downloadermiddlewares.httpproxy.HttpProxyMiddleware',
 'scrapy.downloadermiddlewares.stats.DownloaderStats']
2018-10-24 22:51:48 [scrapy.middleware] INFO: Enabled spider middlewares:
['scrapy.spidermiddlewares.httperror.HttpErrorMiddleware',
 'scrapy.spidermiddlewares.offsite.OffsiteMiddleware',
 'scrapy.spidermiddlewares.referer.RefererMiddleware',
 'scrapy.spidermiddlewares.urllength.UrlLengthMiddleware',
 'scrapy.spidermiddlewares.depth.DepthMiddleware']
2018-10-24 22:51:48 [scrapy.middleware] INFO: Enabled item pipelines:
['mySpider.pipelines.DoubanspiderItem']
2018-10-24 22:51:48 [scrapy.core.engine] INFO: Spider opened
2018-10-24 22:51:48 [scrapy.extensions.logstats] INFO: Crawled 0 pages (at 0 pages/min), scraped 0 items (at 0 items/min)
2018-10-24 22:52:22 [scrapy.crawler] INFO: Received SIGINT, shutting down gracefully. Send again to force 
2018-10-24 22:52:22 [scrapy.core.engine] INFO: Closing spider (shutdown)
2018-10-24 22:52:34 [scrapy.crawler] INFO: Received SIGINT twice, forcing unclean shutdown
2018-10-24 22:52:34 [scrapy.statscollectors] INFO: Dumping Scrapy stats:
{'downloader/exception_count': 2,
 'downloader/exception_type_count/scrapy.core.downloader.handlers.http11.TunnelError': 1,
 'downloader/exception_type_count/twisted.web._newclient.ResponseNeverReceived': 1,
 'downloader/request_bytes': 517,
 'downloader/request_count': 3,
 'downloader/request_method_count/GET': 3,
 'downloader/response_bytes': 12879,
 'downloader/response_count': 1,
 'downloader/response_status_count/200': 1,
 'finish_reason': 'shutdown',
 'finish_time': datetime.datetime(2018, 10, 24, 14, 52, 34, 294143),
 'log_count/INFO': 9,
 'memusage/max': 52998144,
 'memusage/startup': 52998144,
 'request_depth_max': 1,
 'response_received_count': 1,
 'retry/count': 2,
 'retry/reason_count/scrapy.core.downloader.handlers.http11.TunnelError': 1,
 'retry/reason_count/twisted.web._newclient.ResponseNeverReceived': 1,
 'scheduler/dequeued': 3,
 'scheduler/dequeued/memory': 3,
 'scheduler/enqueued': 4,
 'scheduler/enqueued/memory': 4,
 'start_time': datetime.datetime(2018, 10, 24, 14, 51, 48, 945971)}
2018-10-24 22:52:34 [scrapy.core.engine] INFO: Spider closed (shutdown)
2018-10-24 22:52:36 [scrapy.utils.log] INFO: Scrapy 1.5.1 started (bot: mySpider)
2018-10-24 22:52:36 [scrapy.utils.log] INFO: Versions: lxml 4.2.5.0, libxml2 2.9.8, cssselect 1.0.3, parsel 1.5.0, w3lib 1.19.0, Twisted 18.9.0, Python 3.6.7rc1 (default, Sep 27 2018, 09:51:25) - [GCC 8.2.0], pyOpenSSL 18.0.0 (OpenSSL 1.1.1  11 Sep 2018), cryptography 2.3, Platform Linux-4.18.0-10-generic-x86_64-with-Ubuntu-18.10-cosmic
2018-10-24 22:52:36 [scrapy.crawler] INFO: Overridden settings: {'BOT_NAME': 'mySpider', 'LOG_FILE': 'myspider.log', 'LOG_LEVEL': 'INFO', 'NEWSPIDER_MODULE': 'mySpider.spiders', 'SPIDER_MODULES': ['mySpider.spiders']}
2018-10-24 22:52:37 [scrapy.middleware] INFO: Enabled extensions:
['scrapy.extensions.corestats.CoreStats',
 'scrapy.extensions.telnet.TelnetConsole',
 'scrapy.extensions.memusage.MemoryUsage',
 'scrapy.extensions.logstats.LogStats']
2018-10-24 22:52:37 [scrapy.middleware] INFO: Enabled downloader middlewares:
['mySpider.middlewares.RandomUserAgentMiddlewere',
 'scrapy.downloadermiddlewares.httpauth.HttpAuthMiddleware',
 'scrapy.downloadermiddlewares.downloadtimeout.DownloadTimeoutMiddleware',
 'scrapy.downloadermiddlewares.defaultheaders.DefaultHeadersMiddleware',
 'scrapy.downloadermiddlewares.useragent.UserAgentMiddleware',
 'scrapy.downloadermiddlewares.retry.RetryMiddleware',
 'scrapy.downloadermiddlewares.redirect.MetaRefreshMiddleware',
 'scrapy.downloadermiddlewares.httpcompression.HttpCompressionMiddleware',
 'scrapy.downloadermiddlewares.redirect.RedirectMiddleware',
 'scrapy.downloadermiddlewares.cookies.CookiesMiddleware',
 'scrapy.downloadermiddlewares.httpproxy.HttpProxyMiddleware',
 'scrapy.downloadermiddlewares.stats.DownloaderStats']
2018-10-24 22:52:37 [scrapy.middleware] INFO: Enabled spider middlewares:
['scrapy.spidermiddlewares.httperror.HttpErrorMiddleware',
 'scrapy.spidermiddlewares.offsite.OffsiteMiddleware',
 'scrapy.spidermiddlewares.referer.RefererMiddleware',
 'scrapy.spidermiddlewares.urllength.UrlLengthMiddleware',
 'scrapy.spidermiddlewares.depth.DepthMiddleware']
2018-10-24 22:52:37 [scrapy.middleware] INFO: Enabled item pipelines:
['mySpider.pipelines.DoubanspiderItem']
2018-10-24 22:52:37 [scrapy.core.engine] INFO: Spider opened
2018-10-24 22:52:37 [scrapy.extensions.logstats] INFO: Crawled 0 pages (at 0 pages/min), scraped 0 items (at 0 items/min)
2018-10-24 22:52:40 [scrapy.core.engine] INFO: Closing spider (finished)
2018-10-24 22:52:40 [scrapy.statscollectors] INFO: Dumping Scrapy stats:
{'downloader/request_bytes': 2206,
 'downloader/request_count': 10,
 'downloader/request_method_count/GET': 10,
 'downloader/response_bytes': 128939,
 'downloader/response_count': 10,
 'downloader/response_status_count/200': 10,
 'finish_reason': 'finished',
 'finish_time': datetime.datetime(2018, 10, 24, 14, 52, 40, 258708),
 'log_count/INFO': 7,
 'memusage/max': 53239808,
 'memusage/startup': 53239808,
 'request_depth_max': 9,
 'response_received_count': 10,
 'scheduler/dequeued': 10,
 'scheduler/dequeued/memory': 10,
 'scheduler/enqueued': 10,
 'scheduler/enqueued/memory': 10,
 'start_time': datetime.datetime(2018, 10, 24, 14, 52, 37, 106229)}
2018-10-24 22:52:40 [scrapy.core.engine] INFO: Spider closed (finished)
2018-10-24 22:53:20 [scrapy.utils.log] INFO: Scrapy 1.5.1 started (bot: mySpider)
2018-10-24 22:53:20 [scrapy.utils.log] INFO: Versions: lxml 4.2.5.0, libxml2 2.9.8, cssselect 1.0.3, parsel 1.5.0, w3lib 1.19.0, Twisted 18.9.0, Python 3.6.7rc1 (default, Sep 27 2018, 09:51:25) - [GCC 8.2.0], pyOpenSSL 18.0.0 (OpenSSL 1.1.1  11 Sep 2018), cryptography 2.3, Platform Linux-4.18.0-10-generic-x86_64-with-Ubuntu-18.10-cosmic
2018-10-24 22:53:20 [scrapy.crawler] INFO: Overridden settings: {'BOT_NAME': 'mySpider', 'LOG_FILE': 'myspider.log', 'LOG_LEVEL': 'INFO', 'NEWSPIDER_MODULE': 'mySpider.spiders', 'SPIDER_MODULES': ['mySpider.spiders']}
2018-10-24 22:53:20 [scrapy.middleware] INFO: Enabled extensions:
['scrapy.extensions.corestats.CoreStats',
 'scrapy.extensions.telnet.TelnetConsole',
 'scrapy.extensions.memusage.MemoryUsage',
 'scrapy.extensions.logstats.LogStats']
2018-10-24 22:53:20 [scrapy.middleware] INFO: Enabled downloader middlewares:
['mySpider.middlewares.RandomUserAgentMiddlewere',
 'scrapy.downloadermiddlewares.httpauth.HttpAuthMiddleware',
 'scrapy.downloadermiddlewares.downloadtimeout.DownloadTimeoutMiddleware',
 'scrapy.downloadermiddlewares.defaultheaders.DefaultHeadersMiddleware',
 'scrapy.downloadermiddlewares.useragent.UserAgentMiddleware',
 'scrapy.downloadermiddlewares.retry.RetryMiddleware',
 'scrapy.downloadermiddlewares.redirect.MetaRefreshMiddleware',
 'scrapy.downloadermiddlewares.httpcompression.HttpCompressionMiddleware',
 'scrapy.downloadermiddlewares.redirect.RedirectMiddleware',
 'scrapy.downloadermiddlewares.cookies.CookiesMiddleware',
 'scrapy.downloadermiddlewares.httpproxy.HttpProxyMiddleware',
 'scrapy.downloadermiddlewares.stats.DownloaderStats']
2018-10-24 22:53:20 [scrapy.middleware] INFO: Enabled spider middlewares:
['scrapy.spidermiddlewares.httperror.HttpErrorMiddleware',
 'scrapy.spidermiddlewares.offsite.OffsiteMiddleware',
 'scrapy.spidermiddlewares.referer.RefererMiddleware',
 'scrapy.spidermiddlewares.urllength.UrlLengthMiddleware',
 'scrapy.spidermiddlewares.depth.DepthMiddleware']
2018-10-24 22:53:20 [scrapy.middleware] INFO: Enabled item pipelines:
['mySpider.pipelines.DoubanspiderItem']
2018-10-24 22:53:20 [scrapy.core.engine] INFO: Spider opened
2018-10-24 22:53:20 [scrapy.extensions.logstats] INFO: Crawled 0 pages (at 0 pages/min), scraped 0 items (at 0 items/min)
2018-10-24 22:53:23 [scrapy.core.engine] INFO: Closing spider (finished)
2018-10-24 22:53:23 [scrapy.statscollectors] INFO: Dumping Scrapy stats:
{'downloader/request_bytes': 2440,
 'downloader/request_count': 10,
 'downloader/request_method_count/GET': 10,
 'downloader/response_bytes': 128920,
 'downloader/response_count': 10,
 'downloader/response_status_count/200': 10,
 'finish_reason': 'finished',
 'finish_time': datetime.datetime(2018, 10, 24, 14, 53, 23, 938376),
 'item_scraped_count': 250,
 'log_count/INFO': 7,
 'memusage/max': 53157888,
 'memusage/startup': 53157888,
 'request_depth_max': 9,
 'response_received_count': 10,
 'scheduler/dequeued': 10,
 'scheduler/dequeued/memory': 10,
 'scheduler/enqueued': 10,
 'scheduler/enqueued/memory': 10,
 'start_time': datetime.datetime(2018, 10, 24, 14, 53, 20, 720990)}
2018-10-24 22:53:23 [scrapy.core.engine] INFO: Spider closed (finished)
2018-10-24 22:54:26 [scrapy.utils.log] INFO: Scrapy 1.5.1 started (bot: mySpider)
2018-10-24 22:54:26 [scrapy.utils.log] INFO: Versions: lxml 4.2.5.0, libxml2 2.9.8, cssselect 1.0.3, parsel 1.5.0, w3lib 1.19.0, Twisted 18.9.0, Python 3.6.7rc1 (default, Sep 27 2018, 09:51:25) - [GCC 8.2.0], pyOpenSSL 18.0.0 (OpenSSL 1.1.1  11 Sep 2018), cryptography 2.3, Platform Linux-4.18.0-10-generic-x86_64-with-Ubuntu-18.10-cosmic
2018-10-24 22:54:26 [scrapy.crawler] INFO: Overridden settings: {'BOT_NAME': 'mySpider', 'LOG_FILE': 'myspider.log', 'LOG_LEVEL': 'INFO', 'NEWSPIDER_MODULE': 'mySpider.spiders', 'SPIDER_MODULES': ['mySpider.spiders']}
2018-10-24 22:54:26 [scrapy.middleware] INFO: Enabled extensions:
['scrapy.extensions.corestats.CoreStats',
 'scrapy.extensions.telnet.TelnetConsole',
 'scrapy.extensions.memusage.MemoryUsage',
 'scrapy.extensions.logstats.LogStats']
2018-10-24 22:54:27 [scrapy.middleware] INFO: Enabled downloader middlewares:
['mySpider.middlewares.RandomUserAgentMiddlewere',
 'scrapy.downloadermiddlewares.httpauth.HttpAuthMiddleware',
 'scrapy.downloadermiddlewares.downloadtimeout.DownloadTimeoutMiddleware',
 'scrapy.downloadermiddlewares.defaultheaders.DefaultHeadersMiddleware',
 'scrapy.downloadermiddlewares.useragent.UserAgentMiddleware',
 'scrapy.downloadermiddlewares.retry.RetryMiddleware',
 'scrapy.downloadermiddlewares.redirect.MetaRefreshMiddleware',
 'scrapy.downloadermiddlewares.httpcompression.HttpCompressionMiddleware',
 'scrapy.downloadermiddlewares.redirect.RedirectMiddleware',
 'scrapy.downloadermiddlewares.cookies.CookiesMiddleware',
 'scrapy.downloadermiddlewares.httpproxy.HttpProxyMiddleware',
 'scrapy.downloadermiddlewares.stats.DownloaderStats']
2018-10-24 22:54:27 [scrapy.middleware] INFO: Enabled spider middlewares:
['scrapy.spidermiddlewares.httperror.HttpErrorMiddleware',
 'scrapy.spidermiddlewares.offsite.OffsiteMiddleware',
 'scrapy.spidermiddlewares.referer.RefererMiddleware',
 'scrapy.spidermiddlewares.urllength.UrlLengthMiddleware',
 'scrapy.spidermiddlewares.depth.DepthMiddleware']
2018-10-24 22:54:27 [scrapy.middleware] INFO: Enabled item pipelines:
['mySpider.pipelines.DoubanspiderItem']
2018-10-24 22:54:27 [scrapy.core.engine] INFO: Spider opened
2018-10-24 22:54:27 [scrapy.extensions.logstats] INFO: Crawled 0 pages (at 0 pages/min), scraped 0 items (at 0 items/min)
2018-10-24 22:54:30 [scrapy.core.engine] INFO: Closing spider (finished)
2018-10-24 22:54:30 [scrapy.statscollectors] INFO: Dumping Scrapy stats:
{'downloader/request_bytes': 2221,
 'downloader/request_count': 10,
 'downloader/request_method_count/GET': 10,
 'downloader/response_bytes': 129223,
 'downloader/response_count': 10,
 'downloader/response_status_count/200': 10,
 'finish_reason': 'finished',
 'finish_time': datetime.datetime(2018, 10, 24, 14, 54, 30, 274079),
 'item_scraped_count': 250,
 'log_count/INFO': 7,
 'memusage/max': 53137408,
 'memusage/startup': 53137408,
 'request_depth_max': 9,
 'response_received_count': 10,
 'scheduler/dequeued': 10,
 'scheduler/dequeued/memory': 10,
 'scheduler/enqueued': 10,
 'scheduler/enqueued/memory': 10,
 'start_time': datetime.datetime(2018, 10, 24, 14, 54, 27, 61745)}
2018-10-24 22:54:30 [scrapy.core.engine] INFO: Spider closed (finished)
